2021-02-14 23:16:21 INFO  Main:38 - saved data reading
2021-02-14 23:16:21 INFO  Main:43 - application start
2021-02-14 23:16:22 INFO  Controller:75 - Main controller initializing
2021-02-14 23:16:55 INFO  Main:38 - saved data reading
2021-02-14 23:16:55 INFO  Main:43 - application start
2021-02-14 23:16:55 INFO  Controller:75 - Main controller initializing
2021-02-14 23:16:59 INFO  NewEditController:91 - new/edit window initializing
2021-02-17 09:36:41 INFO  Main:38 - saved data reading
2021-02-17 09:36:41 INFO  Main:43 - application start
2021-02-17 09:36:42 INFO  Controller:75 - Main controller initializing
2021-02-17 09:36:50 INFO  NewEditController:91 - new/edit window initializing
2021-03-07 17:15:51 INFO  Main:38 - saved data reading
2021-03-07 17:15:51 INFO  Main:43 - application start
2021-03-07 17:15:52 INFO  Controller:75 - Main controller initializing
2021-03-07 17:15:59 INFO  NewEditController:91 - new/edit window initializing
2021-03-07 17:18:10 INFO  Main:38 - saved data reading
2021-03-07 17:18:10 INFO  Main:43 - application start
2021-03-07 17:18:11 INFO  Controller:75 - Main controller initializing
2021-03-12 20:05:57 INFO  Main:38 - saved data reading
2021-03-12 20:05:57 INFO  Main:43 - application start
2021-03-12 20:05:57 INFO  TaskListController:75 - Main controller initializing
2021-03-12 20:10:19 INFO  Main:38 - saved data reading
2021-03-12 20:10:19 INFO  Main:43 - application start
2021-03-12 20:10:20 INFO  TaskListController:75 - Main controller initializing
2021-03-12 20:22:42 INFO  Main:39 - saved data reading
2021-03-12 20:22:42 INFO  Main:44 - application start
2021-03-12 20:22:42 INFO  TaskListController:75 - Main controller initializing
2021-03-12 20:26:37 INFO  Main:40 - saved data reading
2021-03-12 20:26:37 INFO  Main:45 - application start
2021-03-12 20:26:38 INFO  TaskListController:76 - Main controller initializing
2021-03-12 20:29:17 INFO  Main:40 - saved data reading
2021-03-12 20:29:17 INFO  Main:45 - application start
2021-03-12 20:29:18 INFO  TaskListController:76 - Main controller initializing
2021-03-12 20:31:35 INFO  Main:40 - saved data reading
2021-03-12 20:31:35 INFO  Main:45 - application start
2021-03-12 20:31:35 INFO  TaskListController:75 - Main controller initializing
2021-03-12 20:39:56 INFO  Main:40 - saved data reading
2021-03-12 20:39:56 INFO  Main:45 - application start
2021-03-12 20:39:56 INFO  TaskListController:75 - Main controller initializing
2021-03-12 20:42:48 INFO  Main:40 - saved data reading
2021-03-12 20:42:48 INFO  Main:45 - application start
2021-03-12 20:42:48 INFO  TaskListController:75 - Main controller initializing
2021-03-12 20:51:36 INFO  Main:40 - saved data reading
2021-03-12 20:51:36 INFO  Main:45 - application start
2021-03-12 20:51:36 INFO  TaskListController:75 - Main controller initializing
2021-03-12 21:01:39 INFO  Main:39 - saved data reading
2021-03-12 21:01:39 INFO  Main:44 - application start
2021-03-12 21:01:39 INFO  TaskListController:75 - Main controller initializing
2021-03-12 21:41:43 INFO  Main:39 - saved data reading
2021-03-12 21:41:43 INFO  Main:44 - application start
2021-03-12 21:41:43 INFO  TaskListController:75 - Main controller initializing
2021-03-12 21:44:49 INFO  Main:39 - saved data reading
2021-03-12 21:44:49 INFO  Main:44 - application start
2021-03-12 21:44:50 INFO  TaskListController:75 - Main controller initializing
2021-03-15 14:48:48 INFO  Main:39 - saved data reading
2021-03-15 14:48:48 INFO  Main:44 - application start
2021-03-15 14:48:49 INFO  TaskListController:75 - Main controller initializing
2021-03-28 16:01:18 INFO  Main:39 - saved data reading
2021-03-28 16:01:18 INFO  Main:44 - application start
2021-03-28 16:01:18 INFO  TaskListController:75 - Main controller initializing
